2.8010 	WARNING 	We strongly recommend you activate the PTB sound engine in PsychoPy prefs as the preferred audio engine. Its timing is vastly superior. Your prefs are currently set to use ['sounddevice', 'PTB', 'pyo', 'pygame'] (in that order).
19.1554 	EXP 	Created window1 = Window(allowGUI=False, allowStencil=False, autoLog=True, backendConf=UNKNOWN, bitsMode=UNKNOWN, blendMode='avg', bpc=(8, 8, 8), color=array([0, 0, 0]), colorSpace='rgb', depthBits=8, fullscr=<method-wrapper '__getattribute__' of attributeSetter object at 0x00000000439C8460>, gamma=None, gammaErrorPolicy='raise', lms=UNKNOWN, monitor=<psychopy.monitors.calibTools.Monitor object at 0x0000000046074EB0>, multiSample=False, name='window1', numSamples=2, pos=(0, 0), screen=0, size=array([1366,  768]), stencilBits=0, stereo=False, units='height', useFBO=True, useRetina=False, viewOri=0.0, viewPos=None, viewScale=None, waitBlanking=True, winType='pyglet')
19.1556 	EXP 	window1: mouseVisible = True
19.1556 	EXP 	window1: Attempting to measure frame rate of screen (0) ...
19.1556 	EXP 	window1: recordFrameIntervals = False
19.3247 	EXP 	window1: recordFrameIntervals = True
19.5115 	EXP 	Screen (0) actual frame rate measured at 58.93Hz
19.5116 	EXP 	window1: recordFrameIntervals = False
22.9092 	EXP 	Created Bienvenida_text = TextStim(__class__=<class 'psychopy.visual.text.TextStim'>, alignHoriz=method-wrapper(...), alignText='center', alignVert=method-wrapper(...), anchorHoriz='center', anchorVert='center', antialias=True, autoLog=True, bold=False, color=array([1., 1., 1.]), colorSpace='rgb', contrast=1.0, depth=0.0, flipHoriz=False, flipVert=False, font='Arial', fontFiles=[], height=0.05000000000000001, italic=False, languageStyle='LTR', name='Bienvenida_text', opacity=1.0, ori=0, pos=array([0., 0.]), rgb=UNKNOWN, text=str(...), units='height', win=Window(...), wrapWidth=1)
23.1447 	EXP 	Created Bienvenida_img = ImageStim(__class__=<class 'psychopy.visual.image.ImageStim'>, anchor=('center', 'center'), autoLog=True, color=array([1., 1., 1.]), colorSpace='rgb', contrast=1.0, depth=-2.0, flipHoriz=False, flipVert=False, image='datasets/Bienvenida.png', interpolate=True, mask=None, maskParams=None, name='Bienvenida_img', opacity=1.0, ori=0.0, pos=array([0., 0.]), size=array([1.77864583, 1.        ]), texRes=128.0, units='height', win=Window(...))
23.1521 	EXP 	Created image = ImageStim(__class__=<class 'psychopy.visual.image.ImageStim'>, anchor=('center', 'center'), autoLog=True, color=array([1., 1., 1.]), colorSpace='rgb', contrast=1.0, depth=0.0, flipHoriz=False, flipVert=False, image='sin', interpolate=True, mask=None, maskParams=None, name='image', opacity=1.0, ori=0.0, pos=array([0., 0.]), size=array([0.88932292, 0.5       ]), texRes=128.0, units='height', win=Window(...))
23.3902 	EXP 	Created drift_trainPF = ImageStim(__class__=<class 'psychopy.visual.image.ImageStim'>, anchor=('center', 'center'), autoLog=True, color=array([1., 1., 1.]), colorSpace='rgb', contrast=1.0, depth=0.0, flipHoriz=False, flipVert=False, image='datasets/drift.png', interpolate=True, mask=None, maskParams=None, name='drift_trainPF', opacity=1.0, ori=0.0, pos=array([0., 0.]), size=array([1.77864583, 1.        ]), texRes=128.0, units='height', win=Window(...))
23.5271 	EXP 	Sound start_trainPF set volume 1.000
23.5292 	EXP 	Created firstfixtrain = TextStim(__class__=<class 'psychopy.visual.text.TextStim'>, alignHoriz=method-wrapper(...), alignText='center', alignVert=method-wrapper(...), anchorHoriz='center', anchorVert='center', antialias=True, autoLog=True, bold=False, color=array([1., 1., 1.]), colorSpace='rgb', contrast=1.0, depth=-2.0, flipHoriz=False, flipVert=False, font='Arial', fontFiles=[], height=0.1, italic=False, languageStyle='LTR', name='firstfixtrain', opacity=1.0, ori=0, pos=array([0., 0.]), rgb=UNKNOWN, text='', units='height', win=Window(...), wrapWidth=1)
23.5307 	EXP 	Created digitpresentation_training = TextStim(__class__=<class 'psychopy.visual.text.TextStim'>, alignHoriz=method-wrapper(...), alignText='center', alignVert=method-wrapper(...), anchorHoriz='center', anchorVert='center', antialias=True, autoLog=True, bold=False, color=array([1., 1., 1.]), colorSpace='rgb', contrast=1.0, depth=0.0, flipHoriz=False, flipVert=False, font='Arial', fontFiles=[], height=0.1, italic=False, languageStyle='LTR', name='digitpresentation_training', opacity=1.0, ori=0, pos=array([0., 0.]), rgb=UNKNOWN, text='', units='height', win=Window(...), wrapWidth=1)
23.5366 	EXP 	Created recall_train = TextStim(__class__=<class 'psychopy.visual.text.TextStim'>, alignHoriz=method-wrapper(...), alignText='center', alignVert=method-wrapper(...), anchorHoriz='center', anchorVert='center', antialias=True, autoLog=True, bold=False, color=array([1., 1., 1.]), colorSpace='rgb', contrast=1.0, depth=0.0, flipHoriz=False, flipVert=False, font='Arial', fontFiles=[], height=0.05000000000000001, italic=False, languageStyle='LTR', name='recall_train', opacity=1.0, ori=0, pos=array([0.  , 0.25]), rgb=UNKNOWN, text='Respuesta:', units='height', win=Window(...), wrapWidth=1)
23.6168 	EXP 	window1: mouseVisible = True
23.8526 	EXP 	Created end_training = ImageStim(__class__=<class 'psychopy.visual.image.ImageStim'>, anchor=('center', 'center'), autoLog=True, color=array([1., 1., 1.]), colorSpace='rgb', contrast=1.0, depth=0.0, flipHoriz=False, flipVert=False, image='datasets/finpractica.png', interpolate=True, mask=None, maskParams=None, name='end_training', opacity=1.0, ori=0.0, pos=array([0., 0.]), size=array([1.77864583, 1.        ]), texRes=128.0, units='height', win=Window(...))
24.1018 	EXP 	Created driftPF = ImageStim(__class__=<class 'psychopy.visual.image.ImageStim'>, anchor=('center', 'center'), autoLog=True, color=array([1., 1., 1.]), colorSpace='rgb', contrast=1.0, depth=0.0, flipHoriz=False, flipVert=False, image='datasets/drift.png', interpolate=True, mask=None, maskParams=None, name='driftPF', opacity=1.0, ori=0.0, pos=array([0., 0.]), size=array([1.77864583, 1.        ]), texRes=128.0, units='height', win=Window(...))
24.1030 	EXP 	Sound startPF set volume 1.000
24.1047 	EXP 	Created first_fix = TextStim(__class__=<class 'psychopy.visual.text.TextStim'>, alignHoriz=method-wrapper(...), alignText='center', alignVert=method-wrapper(...), anchorHoriz='center', anchorVert='center', antialias=True, autoLog=True, bold=False, color=array([1., 1., 1.]), colorSpace='rgb', contrast=1.0, depth=-2.0, flipHoriz=False, flipVert=False, font='Arial', fontFiles=[], height=0.1, italic=False, languageStyle='LTR', name='first_fix', opacity=1.0, ori=0, pos=array([0., 0.]), rgb=UNKNOWN, text='', units='height', win=Window(...), wrapWidth=1)
24.1063 	EXP 	Created pres_text = TextStim(__class__=<class 'psychopy.visual.text.TextStim'>, alignHoriz=method-wrapper(...), alignText='center', alignVert=method-wrapper(...), anchorHoriz='center', anchorVert='center', antialias=True, autoLog=True, bold=False, color=array([1., 1., 1.]), colorSpace='rgb', contrast=1.0, depth=0.0, flipHoriz=False, flipVert=False, font='Arial', fontFiles=[], height=0.1, italic=False, languageStyle='LTR', name='pres_text', opacity=1.0, ori=0, pos=array([0., 0.]), rgb=UNKNOWN, text='', units='height', win=Window(...), wrapWidth=1)
24.1102 	EXP 	Created recall_txt = TextStim(__class__=<class 'psychopy.visual.text.TextStim'>, alignHoriz=method-wrapper(...), alignText='center', alignVert=method-wrapper(...), anchorHoriz='center', anchorVert='center', antialias=True, autoLog=True, bold=False, color=array([1., 1., 1.]), colorSpace='rgb', contrast=1.0, depth=0.0, flipHoriz=False, flipVert=False, font='Arial', fontFiles=[], height=0.05000000000000001, italic=False, languageStyle='LTR', name='recall_txt', opacity=1.0, ori=0, pos=array([0.  , 0.25]), rgb=UNKNOWN, text='Respuesta:', units='height', win=Window(...), wrapWidth=1)
24.1299 	EXP 	window1: mouseVisible = True
24.1400 	EXP 	Created Dificultad = TextStim(__class__=<class 'psychopy.visual.text.TextStim'>, alignHoriz=method-wrapper(...), alignText='center', alignVert=method-wrapper(...), anchorHoriz='center', anchorVert='center', antialias=True, autoLog=True, bold=False, color=array([1., 1., 1.]), colorSpace='rgb', contrast=1.0, depth=0.0, flipHoriz=False, flipVert=False, font='Arial', fontFiles=[], height=0.05000000000000001, italic=False, languageStyle='LTR', name='Dificultad', opacity=1.0, ori=0.0, pos=array([0.  , 0.25]), rgb=UNKNOWN, text='¿Cuán difícil encontraste la tarea en general?', units='height', win=Window(...), wrapWidth=1)
24.1637 	EXP 	window1: mouseVisible = True
24.3807 	EXP 	Created dif_licker = Slider(__class__=<class 'psychopy.visual.slider.Slider'>, autoDraw=False, autoLog=True, borderColor=None, color=None, colorSpace='rgb', depth=-1, fillColor=None, flip=False, font='Arial', granularity=0.0, labelColor=None, labelHeight=0.05000000000000001, labelWrapWidth=None, labels=tuple(...), lineColor=None, markerColor=None, name='dif_licker', opacity=None, ori=0.0, pos=array([0., 0.]), readOnly=False, self=UNKNOWN, size=array([1. , 0.1]), startValue=None, style='radio', styleTweaks=[], ticks=array([1, 2, 3, 4, 5]), units='height', win=Window(...))
24.3901 	EXP 	Created thank_you = TextStim(__class__=<class 'psychopy.visual.text.TextStim'>, alignHoriz=method-wrapper(...), alignText='center', alignVert=method-wrapper(...), anchorHoriz='center', anchorVert='center', antialias=True, autoLog=True, bold=False, color=array([1., 1., 1.]), colorSpace='rgb', contrast=1.0, depth=0.0, flipHoriz=False, flipVert=False, font='Arial', fontFiles=[], height=0.05000000000000001, italic=False, languageStyle='LTR', name='thank_you', opacity=1.0, ori=0, pos=array([0., 0.]), rgb=UNKNOWN, text=str(...), units='height', win=Window(...), wrapWidth=1)
24.4092 	EXP 	answ_train: autoLog = True
24.4092 	EXP 	answer_box: autoLog = True
24.4092 	EXP 	dif_licker: autoLog = True
24.4092 	EXP 	dif_licker: markerPos = None
24.4092 	EXP 	dif_licker: styleTweaks = []
24.4092 	EXP 	dif_licker: styleTweaks = []
24.4092 	EXP 	dif_licker: styleTweaks = []
24.4092 	EXP 	dif_licker: styleTweaks = []
24.4092 	EXP 	dif_licker: contrast = 1.0
24.4092 	EXP 	dif_licker: autoLog = True
24.4092 	EXP 	Bienvenida_text: autoDraw = True
24.4092 	EXP 	Bienvenida_img: autoDraw = True
25.2823 	EXP 	Imported datasets/instructions.xlsx as conditions, 3 conditions, 2 params
25.2827 	EXP 	Created sequence: sequential, trialTypes=3, nReps=1, seed=None
25.2830 	EXP 	New trial (rep=0, index=0): {'instrucciones_pasiva': 'datasets/instruccion1_pasiva.png', 'instrucciones_activa': 'datasets/instruccion1_activa.png'}
25.3449 	DATA 	Keypress: space
25.3921 	EXP 	Bienvenida_text: autoDraw = False
25.3921 	EXP 	Bienvenida_img: autoDraw = False
25.3921 	EXP 	image: image = 'datasets/instruccion1_pasiva.png'
25.3921 	EXP 	image: autoDraw = True
32.4447 	EXP 	New trial (rep=0, index=1): {'instrucciones_pasiva': 'datasets/instruccion2.png', 'instrucciones_activa': 'datasets/instruccion2.png'}
32.4765 	DATA 	Keypress: space
32.4940 	EXP 	image: autoDraw = False
32.4940 	EXP 	image: image = 'datasets/instruccion2.png'
32.4940 	EXP 	image: autoDraw = True
34.4458 	EXP 	New trial (rep=0, index=2): {'instrucciones_pasiva': 'datasets/instruccion3.png', 'instrucciones_activa': 'datasets/instruccion3.png'}
34.4773 	DATA 	Keypress: space
34.4955 	EXP 	image: autoDraw = False
34.4955 	EXP 	image: image = 'datasets/instruccion3.png'
34.4955 	EXP 	image: autoDraw = True
35.4899 	EXP 	Imported datasets/training_pf.xlsx as conditions, 2 conditions, 4 params
35.4903 	EXP 	Created sequence: sequential, trialTypes=2, nReps=1, seed=None
35.4906 	EXP 	New trial (rep=0, index=0): {'digitSpan_trainPF': 2, 'digits_trainPF': 83, 'fixation_time_trainPF': 0.55, 'answer_trainPF': 38.0}
35.4978 	DATA 	Keypress: space
35.5124 	EXP 	image: autoDraw = False
35.5124 	EXP 	firstfixtrain: height = 0.10000000000000002
35.5124 	EXP 	firstfixtrain: height = 0.10000000000000002
35.5124 	EXP 	firstfixtrain: text = '+'
35.5124 	EXP 	drift_trainPF: autoDraw = True
35.9879 	EXP 	firstfixtrain: autoDraw = True
36.0210 	EXP 	drift_trainPF: autoDraw = False
36.5309 	EXP 	Created sequence: random, trialTypes=1, nReps=2, seed=None
36.5311 	EXP 	New trial (rep=0, index=0): None
36.5466 	EXP 	firstfixtrain: autoDraw = False
36.5466 	EXP 	drift_trainPF: autoDraw = False
36.5466 	EXP 	firstfixtrain: autoDraw = False
36.5466 	EXP 	digitpresentation_training: height = 0.10000000000000002
36.5466 	EXP 	digitpresentation_training: height = 0.10000000000000002
36.5466 	EXP 	digitpresentation_training: text = '8'
36.5466 	EXP 	digitpresentation_training: autoDraw = True
37.5306 	EXP 	New trial (rep=1, index=0): None
37.5466 	EXP 	digitpresentation_training: autoDraw = False
37.5466 	EXP 	digitpresentation_training: autoDraw = False
37.5466 	EXP 	digitpresentation_training: height = 0.10000000000000002
37.5466 	EXP 	digitpresentation_training: height = 0.10000000000000002
37.5466 	EXP 	digitpresentation_training: text = '3'
37.5466 	EXP 	digitpresentation_training: autoDraw = True
38.5632 	EXP 	digitpresentation_training: autoDraw = False
38.5632 	EXP 	digitpresentation_training: autoDraw = False
38.5632 	EXP 	recall_train: autoDraw = True
38.5632 	EXP 	answ_train: autoDraw = True
39.4279 	DATA 	Mouse: Left button down, pos=(570,239)
39.4297 	EXP 	New trial (rep=0, index=1): {'digitSpan_trainPF': 2, 'digits_trainPF': 16, 'fixation_time_trainPF': 0.55, 'answer_trainPF': 61.0}
39.4449 	EXP 	recall_train: autoDraw = False
39.4449 	EXP 	answ_train: autoDraw = False
39.4449 	EXP 	firstfixtrain: text = '+'
39.4449 	EXP 	drift_trainPF: autoDraw = True
39.5476 	DATA 	Mouse:  Left button up, pos=(570,239)
39.9191 	EXP 	firstfixtrain: autoDraw = True
39.9530 	EXP 	drift_trainPF: autoDraw = False
40.4631 	EXP 	Created sequence: random, trialTypes=1, nReps=2, seed=None
40.4633 	EXP 	New trial (rep=0, index=0): None
40.4787 	EXP 	firstfixtrain: autoDraw = False
40.4787 	EXP 	drift_trainPF: autoDraw = False
40.4787 	EXP 	firstfixtrain: autoDraw = False
40.4787 	EXP 	digitpresentation_training: height = 0.10000000000000002
40.4787 	EXP 	digitpresentation_training: height = 0.10000000000000002
40.4787 	EXP 	digitpresentation_training: text = '1'
40.4787 	EXP 	digitpresentation_training: autoDraw = True
41.4629 	EXP 	New trial (rep=1, index=0): None
41.4787 	EXP 	digitpresentation_training: autoDraw = False
41.4787 	EXP 	digitpresentation_training: autoDraw = False
41.4787 	EXP 	digitpresentation_training: height = 0.10000000000000002
41.4787 	EXP 	digitpresentation_training: height = 0.10000000000000002
41.4787 	EXP 	digitpresentation_training: text = '6'
41.4787 	EXP 	digitpresentation_training: autoDraw = True
42.4790 	EXP 	digitpresentation_training: autoDraw = False
42.4790 	EXP 	digitpresentation_training: autoDraw = False
42.4790 	EXP 	recall_train: autoDraw = True
42.4790 	EXP 	answ_train: autoDraw = True
43.3948 	DATA 	Mouse: Left button down, pos=(570,239)
43.4111 	EXP 	recall_train: autoDraw = False
43.4111 	EXP 	answ_train: autoDraw = False
43.4111 	EXP 	end_training: autoDraw = True
43.5985 	DATA 	Mouse:  Left button up, pos=(570,239)
46.0156 	EXP 	Imported datasets/Dataset_PF.xlsx as conditions, 16 conditions, 4 params
46.0162 	EXP 	Created sequence: sequential, trialTypes=16, nReps=1, seed=None
46.0166 	EXP 	New trial (rep=0, index=0): {'digitSpan_PF': 3, 'digits_PF': 489.0, 'fixation_time_PF': 0.55, 'answer_PF': 984.0}
46.0205 	DATA 	Keypress: space
46.0381 	EXP 	end_training: autoDraw = False
46.0381 	EXP 	first_fix: height = 0.10000000000000002
46.0381 	EXP 	first_fix: height = 0.10000000000000002
46.0381 	EXP 	first_fix: text = '+'
46.0381 	EXP 	driftPF: autoDraw = True
46.5298 	EXP 	first_fix: autoDraw = True
46.5468 	EXP 	driftPF: autoDraw = False
47.0735 	EXP 	Created sequence: sequential, trialTypes=1, nReps=3, seed=None
47.0737 	EXP 	New trial (rep=0, index=0): None
47.0892 	EXP 	first_fix: autoDraw = False
47.0892 	EXP 	driftPF: autoDraw = False
47.0892 	EXP 	first_fix: autoDraw = False
47.0892 	EXP 	pres_text: height = 0.10000000000000002
47.0892 	EXP 	pres_text: height = 0.10000000000000002
47.0892 	EXP 	pres_text: text = '4'
47.0892 	EXP 	pres_text: autoDraw = True
48.0736 	EXP 	New trial (rep=1, index=0): None
48.0897 	EXP 	pres_text: autoDraw = False
48.0897 	EXP 	pres_text: autoDraw = False
48.0897 	EXP 	pres_text: height = 0.10000000000000002
48.0897 	EXP 	pres_text: height = 0.10000000000000002
48.0897 	EXP 	pres_text: text = '8'
48.0897 	EXP 	pres_text: autoDraw = True
49.0736 	EXP 	New trial (rep=2, index=0): None
49.0899 	EXP 	pres_text: autoDraw = False
49.0899 	EXP 	pres_text: autoDraw = False
49.0899 	EXP 	pres_text: height = 0.10000000000000002
49.0899 	EXP 	pres_text: height = 0.10000000000000002
49.0899 	EXP 	pres_text: text = '9'
49.0899 	EXP 	pres_text: autoDraw = True
50.0894 	EXP 	pres_text: autoDraw = False
50.0894 	EXP 	pres_text: autoDraw = False
50.0894 	EXP 	recall_txt: autoDraw = True
50.0894 	EXP 	answer_box: autoDraw = True
51.4291 	DATA 	Mouse: Left button down, pos=(595,225)
51.4311 	EXP 	New trial (rep=0, index=1): {'digitSpan_PF': 3, 'digits_PF': 235.0, 'fixation_time_PF': 0.55, 'answer_PF': 532.0}
51.4458 	EXP 	recall_txt: autoDraw = False
51.4458 	EXP 	answer_box: autoDraw = False
51.4458 	EXP 	first_fix: text = '+'
51.4458 	EXP 	driftPF: autoDraw = True
51.5487 	DATA 	Mouse:  Left button up, pos=(595,225)
51.9201 	EXP 	first_fix: autoDraw = True
51.9544 	EXP 	driftPF: autoDraw = False
52.4651 	EXP 	Created sequence: sequential, trialTypes=1, nReps=3, seed=None
52.4653 	EXP 	New trial (rep=0, index=0): None
52.4809 	EXP 	first_fix: autoDraw = False
52.4809 	EXP 	driftPF: autoDraw = False
52.4809 	EXP 	first_fix: autoDraw = False
52.4809 	EXP 	pres_text: height = 0.10000000000000002
52.4809 	EXP 	pres_text: height = 0.10000000000000002
52.4809 	EXP 	pres_text: text = '2'
52.4809 	EXP 	pres_text: autoDraw = True
53.4652 	EXP 	New trial (rep=1, index=0): None
53.4813 	EXP 	pres_text: autoDraw = False
53.4813 	EXP 	pres_text: autoDraw = False
53.4813 	EXP 	pres_text: height = 0.10000000000000002
53.4813 	EXP 	pres_text: height = 0.10000000000000002
53.4813 	EXP 	pres_text: text = '3'
53.4813 	EXP 	pres_text: autoDraw = True
54.4653 	EXP 	New trial (rep=2, index=0): None
54.4812 	EXP 	pres_text: autoDraw = False
54.4812 	EXP 	pres_text: autoDraw = False
54.4812 	EXP 	pres_text: height = 0.10000000000000002
54.4812 	EXP 	pres_text: height = 0.10000000000000002
54.4812 	EXP 	pres_text: text = '5'
54.4812 	EXP 	pres_text: autoDraw = True
55.4812 	EXP 	pres_text: autoDraw = False
55.4812 	EXP 	pres_text: autoDraw = False
55.4812 	EXP 	recall_txt: autoDraw = True
55.4812 	EXP 	answer_box: autoDraw = True
56.4201 	DATA 	Mouse: Left button down, pos=(595,225)
56.4331 	EXP 	New trial (rep=0, index=2): {'digitSpan_PF': 4, 'digits_PF': 6810.0, 'fixation_time_PF': 0.55, 'answer_PF': 186.0}
56.4486 	EXP 	recall_txt: autoDraw = False
56.4486 	EXP 	answer_box: autoDraw = False
56.4486 	EXP 	first_fix: text = '+'
56.4486 	EXP 	driftPF: autoDraw = True
56.5510 	DATA 	Mouse:  Left button up, pos=(595,225)
56.9230 	EXP 	first_fix: autoDraw = True
56.9577 	EXP 	driftPF: autoDraw = False
57.4666 	EXP 	Created sequence: sequential, trialTypes=1, nReps=4, seed=None
57.4668 	EXP 	New trial (rep=0, index=0): None
57.4824 	EXP 	first_fix: autoDraw = False
57.4824 	EXP 	driftPF: autoDraw = False
57.4824 	EXP 	first_fix: autoDraw = False
57.4824 	EXP 	pres_text: height = 0.10000000000000002
57.4824 	EXP 	pres_text: height = 0.10000000000000002
57.4824 	EXP 	pres_text: text = '6'
57.4824 	EXP 	pres_text: autoDraw = True
58.4665 	EXP 	New trial (rep=1, index=0): None
58.4824 	EXP 	pres_text: autoDraw = False
58.4824 	EXP 	pres_text: autoDraw = False
58.4824 	EXP 	pres_text: height = 0.10000000000000002
58.4824 	EXP 	pres_text: height = 0.10000000000000002
58.4824 	EXP 	pres_text: text = '8'
58.4824 	EXP 	pres_text: autoDraw = True
59.4664 	EXP 	New trial (rep=2, index=0): None
59.4826 	EXP 	pres_text: autoDraw = False
59.4826 	EXP 	pres_text: autoDraw = False
59.4826 	EXP 	pres_text: height = 0.10000000000000002
59.4826 	EXP 	pres_text: height = 0.10000000000000002
59.4826 	EXP 	pres_text: text = '1'
59.4826 	EXP 	pres_text: autoDraw = True
60.4664 	EXP 	New trial (rep=3, index=0): None
60.4824 	EXP 	pres_text: autoDraw = False
60.4824 	EXP 	pres_text: autoDraw = False
60.4824 	EXP 	pres_text: height = 0.10000000000000002
60.4824 	EXP 	pres_text: height = 0.10000000000000002
60.4824 	EXP 	pres_text: text = '0'
60.4824 	EXP 	pres_text: autoDraw = True
61.4996 	EXP 	pres_text: autoDraw = False
61.4996 	EXP 	pres_text: autoDraw = False
61.4996 	EXP 	recall_txt: autoDraw = True
61.4996 	EXP 	answer_box: autoDraw = True
62.1791 	DATA 	Mouse: Left button down, pos=(595,225)
62.1807 	EXP 	New trial (rep=0, index=3): {'digitSpan_PF': 4, 'digits_PF': 3168.0, 'fixation_time_PF': 0.55, 'answer_PF': 8613.0}
62.1955 	EXP 	recall_txt: autoDraw = False
62.1955 	EXP 	answer_box: autoDraw = False
62.1955 	EXP 	first_fix: text = '+'
62.1955 	EXP 	driftPF: autoDraw = True
62.2976 	DATA 	Mouse:  Left button up, pos=(595,225)
62.6693 	EXP 	first_fix: autoDraw = True
62.7031 	EXP 	driftPF: autoDraw = False
63.2131 	EXP 	Created sequence: sequential, trialTypes=1, nReps=4, seed=None
63.2134 	EXP 	New trial (rep=0, index=0): None
63.2296 	EXP 	first_fix: autoDraw = False
63.2296 	EXP 	driftPF: autoDraw = False
63.2296 	EXP 	first_fix: autoDraw = False
63.2296 	EXP 	pres_text: height = 0.10000000000000002
63.2296 	EXP 	pres_text: height = 0.10000000000000002
63.2296 	EXP 	pres_text: text = '3'
63.2296 	EXP 	pres_text: autoDraw = True
64.2295 	EXP 	New trial (rep=1, index=0): None
64.2454 	EXP 	pres_text: autoDraw = False
64.2454 	EXP 	pres_text: height = 0.10000000000000002
64.2454 	EXP 	pres_text: height = 0.10000000000000002
64.2454 	EXP 	pres_text: text = '1'
64.2454 	EXP 	pres_text: autoDraw = True
65.2295 	EXP 	New trial (rep=2, index=0): None
65.2456 	EXP 	pres_text: autoDraw = False
65.2456 	EXP 	pres_text: height = 0.10000000000000002
65.2456 	EXP 	pres_text: height = 0.10000000000000002
65.2456 	EXP 	pres_text: text = '6'
65.2456 	EXP 	pres_text: autoDraw = True
66.2294 	EXP 	New trial (rep=3, index=0): None
66.2459 	EXP 	pres_text: autoDraw = False
66.2459 	EXP 	pres_text: height = 0.10000000000000002
66.2459 	EXP 	pres_text: height = 0.10000000000000002
66.2459 	EXP 	pres_text: text = '8'
66.2459 	EXP 	pres_text: autoDraw = True
67.2459 	EXP 	pres_text: autoDraw = False
67.2459 	EXP 	recall_txt: autoDraw = True
67.2459 	EXP 	answer_box: autoDraw = True
68.4245 	DATA 	Mouse: Left button down, pos=(595,225)
68.4342 	EXP 	New trial (rep=0, index=4): {'digitSpan_PF': 5, 'digits_PF': 81423.0, 'fixation_time_PF': 0.55, 'answer_PF': 32418.0}
68.4492 	EXP 	recall_txt: autoDraw = False
68.4492 	EXP 	answer_box: autoDraw = False
68.4492 	EXP 	first_fix: text = '+'
68.4492 	EXP 	driftPF: autoDraw = True
68.5522 	DATA 	Mouse:  Left button up, pos=(595,225)
68.9238 	EXP 	first_fix: autoDraw = True
68.9575 	EXP 	driftPF: autoDraw = False
69.4676 	EXP 	Created sequence: sequential, trialTypes=1, nReps=5, seed=None
69.4678 	EXP 	New trial (rep=0, index=0): None
69.4833 	EXP 	first_fix: autoDraw = False
69.4833 	EXP 	driftPF: autoDraw = False
69.4833 	EXP 	first_fix: autoDraw = False
69.4833 	EXP 	pres_text: text = '8'
69.4833 	EXP 	pres_text: autoDraw = True
70.4677 	EXP 	New trial (rep=1, index=0): None
70.4832 	EXP 	pres_text: autoDraw = False
70.4832 	EXP 	pres_text: autoDraw = False
70.4832 	EXP 	pres_text: height = 0.10000000000000002
70.4832 	EXP 	pres_text: height = 0.10000000000000002
70.4832 	EXP 	pres_text: text = '1'
70.4832 	EXP 	pres_text: autoDraw = True
71.4669 	EXP 	New trial (rep=2, index=0): None
71.4834 	EXP 	pres_text: autoDraw = False
71.4834 	EXP 	pres_text: autoDraw = False
71.4834 	EXP 	pres_text: height = 0.10000000000000002
71.4834 	EXP 	pres_text: height = 0.10000000000000002
71.4834 	EXP 	pres_text: text = '4'
71.4834 	EXP 	pres_text: autoDraw = True
72.4672 	EXP 	New trial (rep=3, index=0): None
72.4835 	EXP 	pres_text: autoDraw = False
72.4835 	EXP 	pres_text: autoDraw = False
72.4835 	EXP 	pres_text: height = 0.10000000000000002
72.4835 	EXP 	pres_text: height = 0.10000000000000002
72.4835 	EXP 	pres_text: text = '2'
72.4835 	EXP 	pres_text: autoDraw = True
73.4673 	EXP 	New trial (rep=4, index=0): None
73.4834 	EXP 	pres_text: autoDraw = False
73.4834 	EXP 	pres_text: autoDraw = False
73.4834 	EXP 	pres_text: height = 0.10000000000000002
73.4834 	EXP 	pres_text: height = 0.10000000000000002
73.4834 	EXP 	pres_text: text = '3'
73.4834 	EXP 	pres_text: autoDraw = True
74.4835 	EXP 	pres_text: autoDraw = False
74.4835 	EXP 	pres_text: autoDraw = False
74.4835 	EXP 	recall_txt: autoDraw = True
74.4835 	EXP 	answer_box: autoDraw = True
80.2638 	DATA 	Mouse: Left button down, pos=(595,225)
80.2654 	EXP 	New trial (rep=0, index=5): {'digitSpan_PF': 5, 'digits_PF': 90736.0, 'fixation_time_PF': 0.55, 'answer_PF': 63709.0}
80.2798 	EXP 	recall_txt: autoDraw = False
80.2798 	EXP 	answer_box: autoDraw = False
80.2798 	EXP 	first_fix: text = '+'
80.2798 	EXP 	driftPF: autoDraw = True
80.3830 	DATA 	Mouse:  Left button up, pos=(595,225)
80.7545 	EXP 	first_fix: autoDraw = True
80.7883 	EXP 	driftPF: autoDraw = False
81.2994 	EXP 	Created sequence: sequential, trialTypes=1, nReps=5, seed=None
81.2998 	EXP 	New trial (rep=0, index=0): None
81.3144 	EXP 	first_fix: autoDraw = False
81.3144 	EXP 	driftPF: autoDraw = False
81.3144 	EXP 	first_fix: autoDraw = False
81.3144 	EXP 	pres_text: height = 0.10000000000000002
81.3144 	EXP 	pres_text: height = 0.10000000000000002
81.3144 	EXP 	pres_text: text = '9'
81.3144 	EXP 	pres_text: autoDraw = True
82.2985 	EXP 	New trial (rep=1, index=0): None
82.3145 	EXP 	pres_text: autoDraw = False
82.3145 	EXP 	pres_text: autoDraw = False
82.3145 	EXP 	pres_text: height = 0.10000000000000002
82.3145 	EXP 	pres_text: height = 0.10000000000000002
82.3145 	EXP 	pres_text: text = '0'
82.3145 	EXP 	pres_text: autoDraw = True
83.2984 	EXP 	New trial (rep=2, index=0): None
83.3144 	EXP 	pres_text: autoDraw = False
83.3144 	EXP 	pres_text: autoDraw = False
83.3144 	EXP 	pres_text: height = 0.10000000000000002
83.3144 	EXP 	pres_text: height = 0.10000000000000002
83.3144 	EXP 	pres_text: text = '7'
83.3144 	EXP 	pres_text: autoDraw = True
84.2988 	EXP 	New trial (rep=3, index=0): None
84.3143 	EXP 	pres_text: autoDraw = False
84.3143 	EXP 	pres_text: autoDraw = False
84.3143 	EXP 	pres_text: height = 0.10000000000000002
84.3143 	EXP 	pres_text: height = 0.10000000000000002
84.3143 	EXP 	pres_text: text = '3'
84.3143 	EXP 	pres_text: autoDraw = True
85.2992 	EXP 	New trial (rep=4, index=0): None
85.3151 	EXP 	pres_text: autoDraw = False
85.3151 	EXP 	pres_text: autoDraw = False
85.3151 	EXP 	pres_text: height = 0.10000000000000002
85.3151 	EXP 	pres_text: height = 0.10000000000000002
85.3151 	EXP 	pres_text: text = '6'
85.3151 	EXP 	pres_text: autoDraw = True
86.3158 	EXP 	pres_text: autoDraw = False
86.3158 	EXP 	pres_text: autoDraw = False
86.3158 	EXP 	recall_txt: autoDraw = True
86.3158 	EXP 	answer_box: autoDraw = True
88.4465 	DATA 	Mouse: Left button down, pos=(595,225)
88.4544 	EXP 	New trial (rep=0, index=6): {'digitSpan_PF': 6, 'digits_PF': 153624.0, 'fixation_time_PF': 0.55, 'answer_PF': 426351.0}
88.4676 	EXP 	recall_txt: autoDraw = False
88.4676 	EXP 	answer_box: autoDraw = False
88.4676 	EXP 	first_fix: text = '+'
88.4676 	EXP 	driftPF: autoDraw = True
88.5705 	DATA 	Mouse:  Left button up, pos=(595,225)
88.9594 	EXP 	first_fix: autoDraw = True
88.9763 	EXP 	driftPF: autoDraw = False
89.5030 	EXP 	Created sequence: sequential, trialTypes=1, nReps=6, seed=None
89.5032 	EXP 	New trial (rep=0, index=0): None
89.5186 	EXP 	first_fix: autoDraw = False
89.5186 	EXP 	driftPF: autoDraw = False
89.5186 	EXP 	first_fix: autoDraw = False
89.5186 	EXP 	pres_text: height = 0.10000000000000002
89.5186 	EXP 	pres_text: height = 0.10000000000000002
89.5186 	EXP 	pres_text: text = '1'
89.5186 	EXP 	pres_text: autoDraw = True
90.5036 	EXP 	New trial (rep=1, index=0): None
90.5198 	EXP 	pres_text: autoDraw = False
90.5198 	EXP 	pres_text: autoDraw = False
90.5198 	EXP 	pres_text: height = 0.10000000000000002
90.5198 	EXP 	pres_text: height = 0.10000000000000002
90.5198 	EXP 	pres_text: text = '5'
90.5198 	EXP 	pres_text: autoDraw = True
91.5194 	EXP 	New trial (rep=2, index=0): None
91.5353 	EXP 	pres_text: autoDraw = False
91.5353 	EXP 	pres_text: height = 0.10000000000000002
91.5353 	EXP 	pres_text: height = 0.10000000000000002
91.5353 	EXP 	pres_text: text = '3'
91.5353 	EXP 	pres_text: autoDraw = True
92.5194 	EXP 	New trial (rep=3, index=0): None
92.5352 	EXP 	pres_text: autoDraw = False
92.5352 	EXP 	pres_text: height = 0.10000000000000002
92.5352 	EXP 	pres_text: height = 0.10000000000000002
92.5352 	EXP 	pres_text: text = '6'
92.5352 	EXP 	pres_text: autoDraw = True
93.5201 	EXP 	New trial (rep=4, index=0): None
93.5358 	EXP 	pres_text: autoDraw = False
93.5358 	EXP 	pres_text: height = 0.10000000000000002
93.5358 	EXP 	pres_text: height = 0.10000000000000002
93.5358 	EXP 	pres_text: text = '2'
93.5358 	EXP 	pres_text: autoDraw = True
94.5198 	EXP 	New trial (rep=5, index=0): None
94.5358 	EXP 	pres_text: autoDraw = False
94.5358 	EXP 	pres_text: height = 0.10000000000000002
94.5358 	EXP 	pres_text: height = 0.10000000000000002
94.5358 	EXP 	pres_text: text = '4'
94.5358 	EXP 	pres_text: autoDraw = True
95.5359 	EXP 	pres_text: autoDraw = False
95.5359 	EXP 	recall_txt: autoDraw = True
95.5359 	EXP 	answer_box: autoDraw = True
96.1688 	DATA 	Mouse: Left button down, pos=(595,225)
96.1816 	EXP 	New trial (rep=0, index=7): {'digitSpan_PF': 6, 'digits_PF': 819703.0, 'fixation_time_PF': 0.55, 'answer_PF': 307918.0}
96.1969 	EXP 	recall_txt: autoDraw = False
96.1969 	EXP 	answer_box: autoDraw = False
96.1969 	EXP 	first_fix: text = '+'
96.1969 	EXP 	driftPF: autoDraw = True
96.3003 	DATA 	Mouse:  Left button up, pos=(595,225)
96.6716 	EXP 	first_fix: autoDraw = True
96.7059 	EXP 	driftPF: autoDraw = False
97.2153 	EXP 	Created sequence: sequential, trialTypes=1, nReps=6, seed=None
97.2155 	EXP 	New trial (rep=0, index=0): None
97.2311 	EXP 	first_fix: autoDraw = False
97.2311 	EXP 	driftPF: autoDraw = False
97.2311 	EXP 	first_fix: autoDraw = False
97.2311 	EXP 	pres_text: height = 0.10000000000000002
97.2311 	EXP 	pres_text: height = 0.10000000000000002
97.2311 	EXP 	pres_text: text = '8'
97.2311 	EXP 	pres_text: autoDraw = True
98.2154 	EXP 	New trial (rep=1, index=0): None
98.2311 	EXP 	pres_text: autoDraw = False
98.2311 	EXP 	pres_text: autoDraw = False
98.2311 	EXP 	pres_text: height = 0.10000000000000002
98.2311 	EXP 	pres_text: height = 0.10000000000000002
98.2311 	EXP 	pres_text: text = '1'
98.2311 	EXP 	pres_text: autoDraw = True
99.2152 	EXP 	New trial (rep=2, index=0): None
99.2312 	EXP 	pres_text: autoDraw = False
99.2312 	EXP 	pres_text: autoDraw = False
99.2312 	EXP 	pres_text: height = 0.10000000000000002
99.2312 	EXP 	pres_text: height = 0.10000000000000002
99.2312 	EXP 	pres_text: text = '9'
99.2312 	EXP 	pres_text: autoDraw = True
100.2150 	EXP 	New trial (rep=3, index=0): None
100.2307 	EXP 	pres_text: autoDraw = False
100.2307 	EXP 	pres_text: autoDraw = False
100.2307 	EXP 	pres_text: height = 0.10000000000000002
100.2307 	EXP 	pres_text: height = 0.10000000000000002
100.2307 	EXP 	pres_text: text = '7'
100.2307 	EXP 	pres_text: autoDraw = True
101.2149 	EXP 	New trial (rep=4, index=0): None
101.2311 	EXP 	pres_text: autoDraw = False
101.2311 	EXP 	pres_text: autoDraw = False
101.2311 	EXP 	pres_text: height = 0.10000000000000002
101.2311 	EXP 	pres_text: height = 0.10000000000000002
101.2311 	EXP 	pres_text: text = '0'
101.2311 	EXP 	pres_text: autoDraw = True
102.2155 	EXP 	New trial (rep=5, index=0): None
102.2313 	EXP 	pres_text: autoDraw = False
102.2313 	EXP 	pres_text: autoDraw = False
102.2313 	EXP 	pres_text: height = 0.10000000000000002
102.2313 	EXP 	pres_text: height = 0.10000000000000002
102.2313 	EXP 	pres_text: text = '3'
102.2313 	EXP 	pres_text: autoDraw = True
103.2315 	EXP 	pres_text: autoDraw = False
103.2315 	EXP 	pres_text: autoDraw = False
103.2315 	EXP 	recall_txt: autoDraw = True
103.2315 	EXP 	answer_box: autoDraw = True
104.4578 	DATA 	Mouse: Left button down, pos=(595,225)
104.4705 	EXP 	New trial (rep=0, index=8): {'digitSpan_PF': 7, 'digits_PF': 1026597.0, 'fixation_time_PF': 0.55, 'answer_PF': 7956201.0}
104.4855 	EXP 	recall_txt: autoDraw = False
104.4855 	EXP 	answer_box: autoDraw = False
104.4855 	EXP 	first_fix: text = '+'
104.4855 	EXP 	driftPF: autoDraw = True
104.5882 	DATA 	Mouse:  Left button up, pos=(595,225)
104.9605 	EXP 	first_fix: autoDraw = True
104.9941 	EXP 	driftPF: autoDraw = False
105.5041 	EXP 	Created sequence: sequential, trialTypes=1, nReps=7, seed=None
105.5043 	EXP 	New trial (rep=0, index=0): None
105.5198 	EXP 	first_fix: autoDraw = False
105.5198 	EXP 	driftPF: autoDraw = False
105.5198 	EXP 	first_fix: autoDraw = False
105.5198 	EXP 	pres_text: height = 0.10000000000000002
105.5198 	EXP 	pres_text: height = 0.10000000000000002
105.5198 	EXP 	pres_text: text = '1'
105.5198 	EXP 	pres_text: autoDraw = True
106.5040 	EXP 	New trial (rep=1, index=0): None
106.5198 	EXP 	pres_text: autoDraw = False
106.5198 	EXP 	pres_text: autoDraw = False
106.5198 	EXP 	pres_text: height = 0.10000000000000002
106.5198 	EXP 	pres_text: height = 0.10000000000000002
106.5198 	EXP 	pres_text: text = '0'
106.5198 	EXP 	pres_text: autoDraw = True
107.5038 	EXP 	New trial (rep=2, index=0): None
107.5198 	EXP 	pres_text: autoDraw = False
107.5198 	EXP 	pres_text: autoDraw = False
107.5198 	EXP 	pres_text: height = 0.10000000000000002
107.5198 	EXP 	pres_text: height = 0.10000000000000002
107.5198 	EXP 	pres_text: text = '2'
107.5198 	EXP 	pres_text: autoDraw = True
108.5044 	EXP 	New trial (rep=3, index=0): None
108.5209 	EXP 	pres_text: autoDraw = False
108.5209 	EXP 	pres_text: height = 0.10000000000000002
108.5209 	EXP 	pres_text: height = 0.10000000000000002
108.5209 	EXP 	pres_text: text = '6'
108.5209 	EXP 	pres_text: autoDraw = True
109.5045 	EXP 	New trial (rep=4, index=0): None
109.5210 	EXP 	pres_text: autoDraw = False
109.5210 	EXP 	pres_text: height = 0.10000000000000002
109.5210 	EXP 	pres_text: height = 0.10000000000000002
109.5210 	EXP 	pres_text: text = '5'
109.5210 	EXP 	pres_text: autoDraw = True
110.5048 	EXP 	New trial (rep=5, index=0): None
110.5211 	EXP 	pres_text: autoDraw = False
110.5211 	EXP 	pres_text: height = 0.10000000000000002
110.5211 	EXP 	pres_text: height = 0.10000000000000002
110.5211 	EXP 	pres_text: text = '9'
110.5211 	EXP 	pres_text: autoDraw = True
111.5045 	EXP 	New trial (rep=6, index=0): None
111.5209 	EXP 	pres_text: autoDraw = False
111.5209 	EXP 	pres_text: height = 0.10000000000000002
111.5209 	EXP 	pres_text: height = 0.10000000000000002
111.5209 	EXP 	pres_text: text = '7'
111.5209 	EXP 	pres_text: autoDraw = True
112.5212 	EXP 	pres_text: autoDraw = False
112.5212 	EXP 	recall_txt: autoDraw = True
112.5212 	EXP 	answer_box: autoDraw = True
114.0470 	DATA 	Mouse: Left button down, pos=(595,225)
114.0485 	EXP 	New trial (rep=0, index=9): {'digitSpan_PF': 7, 'digits_PF': 8765312.0, 'fixation_time_PF': 0.55, 'answer_PF': 2135678.0}
114.0634 	EXP 	recall_txt: autoDraw = False
114.0634 	EXP 	answer_box: autoDraw = False
114.0634 	EXP 	first_fix: text = '+'
114.0634 	EXP 	driftPF: autoDraw = True
114.1663 	DATA 	Mouse:  Left button up, pos=(595,225)
114.5383 	EXP 	first_fix: autoDraw = True
114.5730 	EXP 	driftPF: autoDraw = False
115.0823 	EXP 	Created sequence: sequential, trialTypes=1, nReps=7, seed=None
115.0825 	EXP 	New trial (rep=0, index=0): None
115.0982 	EXP 	first_fix: autoDraw = False
115.0982 	EXP 	driftPF: autoDraw = False
115.0982 	EXP 	first_fix: autoDraw = False
115.0982 	EXP 	pres_text: height = 0.10000000000000002
115.0982 	EXP 	pres_text: height = 0.10000000000000002
115.0982 	EXP 	pres_text: text = '8'
115.0982 	EXP 	pres_text: autoDraw = True
116.0822 	EXP 	New trial (rep=1, index=0): None
116.0981 	EXP 	pres_text: autoDraw = False
116.0981 	EXP 	pres_text: autoDraw = False
116.0981 	EXP 	pres_text: height = 0.10000000000000002
116.0981 	EXP 	pres_text: height = 0.10000000000000002
116.0981 	EXP 	pres_text: text = '7'
116.0981 	EXP 	pres_text: autoDraw = True
117.0821 	EXP 	New trial (rep=2, index=0): None
117.0981 	EXP 	pres_text: autoDraw = False
117.0981 	EXP 	pres_text: autoDraw = False
117.0981 	EXP 	pres_text: height = 0.10000000000000002
117.0981 	EXP 	pres_text: height = 0.10000000000000002
117.0981 	EXP 	pres_text: text = '6'
117.0981 	EXP 	pres_text: autoDraw = True
118.0821 	EXP 	New trial (rep=3, index=0): None
118.0982 	EXP 	pres_text: autoDraw = False
118.0982 	EXP 	pres_text: autoDraw = False
118.0982 	EXP 	pres_text: height = 0.10000000000000002
118.0982 	EXP 	pres_text: height = 0.10000000000000002
118.0982 	EXP 	pres_text: text = '5'
118.0982 	EXP 	pres_text: autoDraw = True
119.0823 	EXP 	New trial (rep=4, index=0): None
119.0980 	EXP 	pres_text: autoDraw = False
119.0980 	EXP 	pres_text: autoDraw = False
119.0980 	EXP 	pres_text: height = 0.10000000000000002
119.0980 	EXP 	pres_text: height = 0.10000000000000002
119.0980 	EXP 	pres_text: text = '3'
119.0980 	EXP 	pres_text: autoDraw = True
120.0821 	EXP 	New trial (rep=5, index=0): None
120.0982 	EXP 	pres_text: autoDraw = False
120.0982 	EXP 	pres_text: autoDraw = False
120.0982 	EXP 	pres_text: height = 0.10000000000000002
120.0982 	EXP 	pres_text: height = 0.10000000000000002
120.0982 	EXP 	pres_text: text = '1'
120.0982 	EXP 	pres_text: autoDraw = True
121.0823 	EXP 	New trial (rep=6, index=0): None
121.0983 	EXP 	pres_text: autoDraw = False
121.0983 	EXP 	pres_text: autoDraw = False
121.0983 	EXP 	pres_text: height = 0.10000000000000002
121.0983 	EXP 	pres_text: height = 0.10000000000000002
121.0983 	EXP 	pres_text: text = '2'
121.0983 	EXP 	pres_text: autoDraw = True
122.0983 	EXP 	pres_text: autoDraw = False
122.0983 	EXP 	pres_text: autoDraw = False
122.0983 	EXP 	recall_txt: autoDraw = True
122.0983 	EXP 	answer_box: autoDraw = True
123.1666 	DATA 	Mouse: Left button down, pos=(595,225)
123.1682 	EXP 	New trial (rep=0, index=10): {'digitSpan_PF': 8, 'digits_PF': 93261458.0, 'fixation_time_PF': 0.55, 'answer_PF': 85416239.0}
123.1831 	EXP 	recall_txt: autoDraw = False
123.1831 	EXP 	answer_box: autoDraw = False
123.1831 	EXP 	first_fix: text = '+'
123.1831 	EXP 	driftPF: autoDraw = True
123.2859 	DATA 	Mouse:  Left button up, pos=(595,225)
123.6580 	EXP 	first_fix: autoDraw = True
123.6920 	EXP 	driftPF: autoDraw = False
124.2034 	EXP 	Created sequence: sequential, trialTypes=1, nReps=8, seed=None
124.2040 	EXP 	New trial (rep=0, index=0): None
124.2441 	EXP 	first_fix: autoDraw = False
124.2441 	EXP 	driftPF: autoDraw = False
124.2441 	EXP 	first_fix: autoDraw = False
124.2441 	EXP 	pres_text: height = 0.10000000000000002
124.2441 	EXP 	pres_text: height = 0.10000000000000002
124.2441 	EXP 	pres_text: text = '9'
124.2441 	EXP 	pres_text: autoDraw = True
125.2182 	EXP 	New trial (rep=1, index=0): None
125.2344 	EXP 	pres_text: autoDraw = False
125.2344 	EXP 	pres_text: height = 0.10000000000000002
125.2344 	EXP 	pres_text: height = 0.10000000000000002
125.2344 	EXP 	pres_text: text = '3'
125.2344 	EXP 	pres_text: autoDraw = True
126.2182 	EXP 	New trial (rep=2, index=0): None
126.2343 	EXP 	pres_text: autoDraw = False
126.2343 	EXP 	pres_text: height = 0.10000000000000002
126.2343 	EXP 	pres_text: height = 0.10000000000000002
126.2343 	EXP 	pres_text: text = '2'
126.2343 	EXP 	pres_text: autoDraw = True
127.2182 	EXP 	New trial (rep=3, index=0): None
127.2349 	EXP 	pres_text: autoDraw = False
127.2349 	EXP 	pres_text: height = 0.10000000000000002
127.2349 	EXP 	pres_text: height = 0.10000000000000002
127.2349 	EXP 	pres_text: text = '6'
127.2349 	EXP 	pres_text: autoDraw = True
128.2184 	EXP 	New trial (rep=4, index=0): None
128.2348 	EXP 	pres_text: autoDraw = False
128.2348 	EXP 	pres_text: height = 0.10000000000000002
128.2348 	EXP 	pres_text: height = 0.10000000000000002
128.2348 	EXP 	pres_text: text = '1'
128.2348 	EXP 	pres_text: autoDraw = True
129.2195 	EXP 	New trial (rep=5, index=0): None
129.2364 	EXP 	pres_text: autoDraw = False
129.2364 	EXP 	pres_text: height = 0.10000000000000002
129.2364 	EXP 	pres_text: height = 0.10000000000000002
129.2364 	EXP 	pres_text: text = '4'
129.2364 	EXP 	pres_text: autoDraw = True
130.2189 	EXP 	New trial (rep=6, index=0): None
130.2363 	EXP 	pres_text: autoDraw = False
130.2363 	EXP 	pres_text: height = 0.10000000000000002
130.2363 	EXP 	pres_text: height = 0.10000000000000002
130.2363 	EXP 	pres_text: text = '5'
130.2363 	EXP 	pres_text: autoDraw = True
131.2191 	EXP 	New trial (rep=7, index=0): None
131.2357 	EXP 	pres_text: autoDraw = False
131.2357 	EXP 	pres_text: height = 0.10000000000000002
131.2357 	EXP 	pres_text: height = 0.10000000000000002
131.2357 	EXP 	pres_text: text = '8'
131.2357 	EXP 	pres_text: autoDraw = True
132.2356 	EXP 	pres_text: autoDraw = False
132.2356 	EXP 	recall_txt: autoDraw = True
132.2356 	EXP 	answer_box: autoDraw = True
133.4782 	DATA 	Mouse: Left button down, pos=(595,224)
133.4909 	EXP 	New trial (rep=0, index=11): {'digitSpan_PF': 8, 'digits_PF': 50914738.0, 'fixation_time_PF': 0.55, 'answer_PF': 83741905.0}
133.5061 	EXP 	recall_txt: autoDraw = False
133.5061 	EXP 	answer_box: autoDraw = False
133.5061 	EXP 	first_fix: text = '+'
133.5061 	EXP 	driftPF: autoDraw = True
133.6089 	DATA 	Mouse:  Left button up, pos=(595,224)
133.9810 	EXP 	first_fix: autoDraw = True
134.0147 	EXP 	driftPF: autoDraw = False
134.5245 	EXP 	Created sequence: sequential, trialTypes=1, nReps=8, seed=None
134.5248 	EXP 	New trial (rep=0, index=0): None
134.5403 	EXP 	first_fix: autoDraw = False
134.5403 	EXP 	driftPF: autoDraw = False
134.5403 	EXP 	first_fix: autoDraw = False
134.5403 	EXP 	pres_text: height = 0.10000000000000002
134.5403 	EXP 	pres_text: height = 0.10000000000000002
134.5403 	EXP 	pres_text: text = '5'
134.5403 	EXP 	pres_text: autoDraw = True
135.5252 	EXP 	New trial (rep=1, index=0): None
135.5409 	EXP 	pres_text: autoDraw = False
135.5409 	EXP 	pres_text: height = 0.10000000000000002
135.5409 	EXP 	pres_text: height = 0.10000000000000002
135.5409 	EXP 	pres_text: text = '0'
135.5409 	EXP 	pres_text: autoDraw = True
136.5247 	EXP 	New trial (rep=2, index=0): None
136.5406 	EXP 	pres_text: autoDraw = False
136.5406 	EXP 	pres_text: autoDraw = False
136.5406 	EXP 	pres_text: height = 0.10000000000000002
136.5406 	EXP 	pres_text: height = 0.10000000000000002
136.5406 	EXP 	pres_text: text = '9'
136.5406 	EXP 	pres_text: autoDraw = True
137.5248 	EXP 	New trial (rep=3, index=0): None
137.5405 	EXP 	pres_text: autoDraw = False
137.5405 	EXP 	pres_text: autoDraw = False
137.5405 	EXP 	pres_text: height = 0.10000000000000002
137.5405 	EXP 	pres_text: height = 0.10000000000000002
137.5405 	EXP 	pres_text: text = '1'
137.5405 	EXP 	pres_text: autoDraw = True
138.5249 	EXP 	New trial (rep=4, index=0): None
138.5406 	EXP 	pres_text: autoDraw = False
138.5406 	EXP 	pres_text: autoDraw = False
138.5406 	EXP 	pres_text: height = 0.10000000000000002
138.5406 	EXP 	pres_text: height = 0.10000000000000002
138.5406 	EXP 	pres_text: text = '4'
138.5406 	EXP 	pres_text: autoDraw = True
139.5266 	EXP 	New trial (rep=5, index=0): None
139.5427 	EXP 	pres_text: autoDraw = False
139.5427 	EXP 	pres_text: height = 0.10000000000000002
139.5427 	EXP 	pres_text: height = 0.10000000000000002
139.5427 	EXP 	pres_text: text = '7'
139.5427 	EXP 	pres_text: autoDraw = True
140.5255 	EXP 	New trial (rep=6, index=0): None
140.5419 	EXP 	pres_text: autoDraw = False
140.5419 	EXP 	pres_text: height = 0.10000000000000002
140.5419 	EXP 	pres_text: height = 0.10000000000000002
140.5419 	EXP 	pres_text: text = '3'
140.5419 	EXP 	pres_text: autoDraw = True
141.5255 	EXP 	New trial (rep=7, index=0): None
141.5419 	EXP 	pres_text: autoDraw = False
141.5419 	EXP 	pres_text: height = 0.10000000000000002
141.5419 	EXP 	pres_text: height = 0.10000000000000002
141.5419 	EXP 	pres_text: text = '8'
141.5419 	EXP 	pres_text: autoDraw = True
142.5420 	EXP 	pres_text: autoDraw = False
142.5420 	EXP 	recall_txt: autoDraw = True
142.5420 	EXP 	answer_box: autoDraw = True
143.9203 	DATA 	Mouse: Left button down, pos=(595,224)
143.9334 	EXP 	New trial (rep=0, index=12): {'digitSpan_PF': 9, 'digits_PF': 431962507.0, 'fixation_time_PF': 0.55, 'answer_PF': 705269134.0}
143.9486 	EXP 	recall_txt: autoDraw = False
143.9486 	EXP 	answer_box: autoDraw = False
143.9486 	EXP 	first_fix: text = '+'
143.9486 	EXP 	driftPF: autoDraw = True
144.0512 	DATA 	Mouse:  Left button up, pos=(595,224)
144.4234 	EXP 	first_fix: autoDraw = True
144.4574 	EXP 	driftPF: autoDraw = False
144.9670 	EXP 	Created sequence: sequential, trialTypes=1, nReps=9, seed=None
144.9673 	EXP 	New trial (rep=0, index=0): None
144.9827 	EXP 	first_fix: autoDraw = False
144.9827 	EXP 	driftPF: autoDraw = False
144.9827 	EXP 	first_fix: autoDraw = False
144.9827 	EXP 	pres_text: height = 0.10000000000000002
144.9827 	EXP 	pres_text: height = 0.10000000000000002
144.9827 	EXP 	pres_text: text = '4'
144.9827 	EXP 	pres_text: autoDraw = True
145.9672 	EXP 	New trial (rep=1, index=0): None
145.9830 	EXP 	pres_text: autoDraw = False
145.9830 	EXP 	pres_text: autoDraw = False
145.9830 	EXP 	pres_text: height = 0.10000000000000002
145.9830 	EXP 	pres_text: height = 0.10000000000000002
145.9830 	EXP 	pres_text: text = '3'
145.9830 	EXP 	pres_text: autoDraw = True
146.9671 	EXP 	New trial (rep=2, index=0): None
146.9837 	EXP 	pres_text: autoDraw = False
146.9837 	EXP 	pres_text: autoDraw = False
146.9837 	EXP 	pres_text: height = 0.10000000000000002
146.9837 	EXP 	pres_text: height = 0.10000000000000002
146.9837 	EXP 	pres_text: text = '1'
146.9837 	EXP 	pres_text: autoDraw = True
147.9681 	EXP 	New trial (rep=3, index=0): None
147.9831 	EXP 	pres_text: autoDraw = False
147.9831 	EXP 	pres_text: autoDraw = False
147.9831 	EXP 	pres_text: height = 0.10000000000000002
147.9831 	EXP 	pres_text: height = 0.10000000000000002
147.9831 	EXP 	pres_text: text = '9'
147.9831 	EXP 	pres_text: autoDraw = True
148.9680 	EXP 	New trial (rep=4, index=0): None
148.9829 	EXP 	pres_text: autoDraw = False
148.9829 	EXP 	pres_text: autoDraw = False
148.9829 	EXP 	pres_text: height = 0.10000000000000002
148.9829 	EXP 	pres_text: height = 0.10000000000000002
148.9829 	EXP 	pres_text: text = '6'
148.9829 	EXP 	pres_text: autoDraw = True
149.9683 	EXP 	New trial (rep=5, index=0): None
149.9835 	EXP 	pres_text: autoDraw = False
149.9835 	EXP 	pres_text: autoDraw = False
149.9835 	EXP 	pres_text: height = 0.10000000000000002
149.9835 	EXP 	pres_text: height = 0.10000000000000002
149.9835 	EXP 	pres_text: text = '2'
149.9835 	EXP 	pres_text: autoDraw = True
150.9679 	EXP 	New trial (rep=6, index=0): None
150.9836 	EXP 	pres_text: autoDraw = False
150.9836 	EXP 	pres_text: autoDraw = False
150.9836 	EXP 	pres_text: height = 0.10000000000000002
150.9836 	EXP 	pres_text: height = 0.10000000000000002
150.9836 	EXP 	pres_text: text = '5'
150.9836 	EXP 	pres_text: autoDraw = True
151.9673 	EXP 	New trial (rep=7, index=0): None
151.9837 	EXP 	pres_text: autoDraw = False
151.9837 	EXP 	pres_text: height = 0.10000000000000002
151.9837 	EXP 	pres_text: height = 0.10000000000000002
151.9837 	EXP 	pres_text: text = '0'
151.9837 	EXP 	pres_text: autoDraw = True
152.9676 	EXP 	New trial (rep=8, index=0): None
152.9839 	EXP 	pres_text: autoDraw = False
152.9839 	EXP 	pres_text: height = 0.10000000000000002
152.9839 	EXP 	pres_text: height = 0.10000000000000002
152.9839 	EXP 	pres_text: text = '7'
152.9839 	EXP 	pres_text: autoDraw = True
153.9840 	EXP 	pres_text: autoDraw = False
153.9840 	EXP 	recall_txt: autoDraw = True
153.9840 	EXP 	answer_box: autoDraw = True
155.6962 	DATA 	Mouse: Left button down, pos=(595,224)
155.6977 	EXP 	New trial (rep=0, index=13): {'digitSpan_PF': 9, 'digits_PF': 901852346.0, 'fixation_time_PF': 0.55, 'answer_PF': 643258109.0}
155.7127 	EXP 	recall_txt: autoDraw = False
155.7127 	EXP 	answer_box: autoDraw = False
155.7127 	EXP 	first_fix: text = '+'
155.7127 	EXP 	driftPF: autoDraw = True
155.8326 	DATA 	Mouse:  Left button up, pos=(595,224)
156.1875 	EXP 	first_fix: autoDraw = True
156.2213 	EXP 	driftPF: autoDraw = False
156.7310 	EXP 	Created sequence: sequential, trialTypes=1, nReps=9, seed=None
156.7312 	EXP 	New trial (rep=0, index=0): None
156.7469 	EXP 	first_fix: autoDraw = False
156.7469 	EXP 	driftPF: autoDraw = False
156.7469 	EXP 	first_fix: autoDraw = False
156.7469 	EXP 	pres_text: height = 0.10000000000000002
156.7469 	EXP 	pres_text: height = 0.10000000000000002
156.7469 	EXP 	pres_text: text = '9'
156.7469 	EXP 	pres_text: autoDraw = True
157.7310 	EXP 	New trial (rep=1, index=0): None
157.7469 	EXP 	pres_text: autoDraw = False
157.7469 	EXP 	pres_text: autoDraw = False
157.7469 	EXP 	pres_text: height = 0.10000000000000002
157.7469 	EXP 	pres_text: height = 0.10000000000000002
157.7469 	EXP 	pres_text: text = '0'
157.7469 	EXP 	pres_text: autoDraw = True
158.7310 	EXP 	New trial (rep=2, index=0): None
158.7470 	EXP 	pres_text: autoDraw = False
158.7470 	EXP 	pres_text: autoDraw = False
158.7470 	EXP 	pres_text: height = 0.10000000000000002
158.7470 	EXP 	pres_text: height = 0.10000000000000002
158.7470 	EXP 	pres_text: text = '1'
158.7470 	EXP 	pres_text: autoDraw = True
159.7314 	EXP 	New trial (rep=3, index=0): None
159.7472 	EXP 	pres_text: autoDraw = False
159.7472 	EXP 	pres_text: autoDraw = False
159.7472 	EXP 	pres_text: height = 0.10000000000000002
159.7472 	EXP 	pres_text: height = 0.10000000000000002
159.7472 	EXP 	pres_text: text = '8'
159.7472 	EXP 	pres_text: autoDraw = True
160.7319 	EXP 	New trial (rep=4, index=0): None
160.7476 	EXP 	pres_text: autoDraw = False
160.7476 	EXP 	pres_text: height = 0.10000000000000002
160.7476 	EXP 	pres_text: height = 0.10000000000000002
160.7476 	EXP 	pres_text: text = '5'
160.7476 	EXP 	pres_text: autoDraw = True
161.7314 	EXP 	New trial (rep=5, index=0): None
161.7473 	EXP 	pres_text: autoDraw = False
161.7473 	EXP 	pres_text: autoDraw = False
161.7473 	EXP 	pres_text: height = 0.10000000000000002
161.7473 	EXP 	pres_text: height = 0.10000000000000002
161.7473 	EXP 	pres_text: text = '2'
161.7473 	EXP 	pres_text: autoDraw = True
162.7312 	EXP 	New trial (rep=6, index=0): None
162.7475 	EXP 	pres_text: autoDraw = False
162.7475 	EXP 	pres_text: height = 0.10000000000000002
162.7475 	EXP 	pres_text: height = 0.10000000000000002
162.7475 	EXP 	pres_text: text = '3'
162.7475 	EXP 	pres_text: autoDraw = True
163.7321 	EXP 	New trial (rep=7, index=0): None
163.7479 	EXP 	pres_text: autoDraw = False
163.7479 	EXP 	pres_text: height = 0.10000000000000002
163.7479 	EXP 	pres_text: height = 0.10000000000000002
163.7479 	EXP 	pres_text: text = '4'
163.7479 	EXP 	pres_text: autoDraw = True
164.7313 	EXP 	New trial (rep=8, index=0): None
164.7476 	EXP 	pres_text: autoDraw = False
164.7476 	EXP 	pres_text: height = 0.10000000000000002
164.7476 	EXP 	pres_text: height = 0.10000000000000002
164.7476 	EXP 	pres_text: text = '6'
164.7476 	EXP 	pres_text: autoDraw = True
165.7475 	EXP 	pres_text: autoDraw = False
165.7475 	EXP 	recall_txt: autoDraw = True
165.7475 	EXP 	answer_box: autoDraw = True
166.8730 	DATA 	Mouse: Left button down, pos=(595,224)
166.8854 	EXP 	New trial (rep=0, index=14): {'digitSpan_PF': 10, 'digits_PF': 1946738052.0, 'fixation_time_PF': 0.55, 'answer_PF': 2508376491.0}
166.9005 	EXP 	recall_txt: autoDraw = False
166.9005 	EXP 	answer_box: autoDraw = False
166.9005 	EXP 	first_fix: text = '+'
166.9005 	EXP 	driftPF: autoDraw = True
167.0029 	DATA 	Mouse:  Left button up, pos=(595,224)
167.3748 	EXP 	first_fix: autoDraw = True
167.4087 	EXP 	driftPF: autoDraw = False
167.9195 	EXP 	Created sequence: sequential, trialTypes=1, nReps=10, seed=None
167.9198 	EXP 	New trial (rep=0, index=0): None
167.9347 	EXP 	first_fix: autoDraw = False
167.9347 	EXP 	driftPF: autoDraw = False
167.9347 	EXP 	first_fix: autoDraw = False
167.9347 	EXP 	pres_text: height = 0.10000000000000002
167.9347 	EXP 	pres_text: height = 0.10000000000000002
167.9347 	EXP 	pres_text: text = '1'
167.9347 	EXP 	pres_text: autoDraw = True
168.9186 	EXP 	New trial (rep=1, index=0): None
168.9340 	EXP 	pres_text: autoDraw = False
168.9340 	EXP 	pres_text: autoDraw = False
168.9340 	EXP 	pres_text: height = 0.10000000000000002
168.9340 	EXP 	pres_text: height = 0.10000000000000002
168.9340 	EXP 	pres_text: text = '9'
168.9340 	EXP 	pres_text: autoDraw = True
169.9185 	EXP 	New trial (rep=2, index=0): None
169.9338 	EXP 	pres_text: autoDraw = False
169.9338 	EXP 	pres_text: autoDraw = False
169.9338 	EXP 	pres_text: height = 0.10000000000000002
169.9338 	EXP 	pres_text: height = 0.10000000000000002
169.9338 	EXP 	pres_text: text = '4'
169.9338 	EXP 	pres_text: autoDraw = True
170.9186 	EXP 	New trial (rep=3, index=0): None
170.9339 	EXP 	pres_text: autoDraw = False
170.9339 	EXP 	pres_text: autoDraw = False
170.9339 	EXP 	pres_text: height = 0.10000000000000002
170.9339 	EXP 	pres_text: height = 0.10000000000000002
170.9339 	EXP 	pres_text: text = '6'
170.9339 	EXP 	pres_text: autoDraw = True
171.9188 	EXP 	New trial (rep=4, index=0): None
171.9339 	EXP 	pres_text: autoDraw = False
171.9339 	EXP 	pres_text: autoDraw = False
171.9339 	EXP 	pres_text: height = 0.10000000000000002
171.9339 	EXP 	pres_text: height = 0.10000000000000002
171.9339 	EXP 	pres_text: text = '7'
171.9339 	EXP 	pres_text: autoDraw = True
172.9183 	EXP 	New trial (rep=5, index=0): None
172.9340 	EXP 	pres_text: autoDraw = False
172.9340 	EXP 	pres_text: autoDraw = False
172.9340 	EXP 	pres_text: height = 0.10000000000000002
172.9340 	EXP 	pres_text: height = 0.10000000000000002
172.9340 	EXP 	pres_text: text = '3'
172.9340 	EXP 	pres_text: autoDraw = True
173.9180 	EXP 	New trial (rep=6, index=0): None
173.9339 	EXP 	pres_text: autoDraw = False
173.9339 	EXP 	pres_text: autoDraw = False
173.9339 	EXP 	pres_text: height = 0.10000000000000002
173.9339 	EXP 	pres_text: height = 0.10000000000000002
173.9339 	EXP 	pres_text: text = '8'
173.9339 	EXP 	pres_text: autoDraw = True
174.9182 	EXP 	New trial (rep=7, index=0): None
174.9340 	EXP 	pres_text: autoDraw = False
174.9340 	EXP 	pres_text: autoDraw = False
174.9340 	EXP 	pres_text: height = 0.10000000000000002
174.9340 	EXP 	pres_text: height = 0.10000000000000002
174.9340 	EXP 	pres_text: text = '0'
174.9340 	EXP 	pres_text: autoDraw = True
175.9182 	EXP 	New trial (rep=8, index=0): None
175.9339 	EXP 	pres_text: autoDraw = False
175.9339 	EXP 	pres_text: autoDraw = False
175.9339 	EXP 	pres_text: height = 0.10000000000000002
175.9339 	EXP 	pres_text: height = 0.10000000000000002
175.9339 	EXP 	pres_text: text = '5'
175.9339 	EXP 	pres_text: autoDraw = True
176.9195 	EXP 	New trial (rep=9, index=0): None
176.9346 	EXP 	pres_text: autoDraw = False
176.9346 	EXP 	pres_text: autoDraw = False
176.9346 	EXP 	pres_text: height = 0.10000000000000002
176.9346 	EXP 	pres_text: height = 0.10000000000000002
176.9346 	EXP 	pres_text: text = '2'
176.9346 	EXP 	pres_text: autoDraw = True
177.9342 	EXP 	pres_text: autoDraw = False
177.9342 	EXP 	pres_text: autoDraw = False
177.9342 	EXP 	recall_txt: autoDraw = True
177.9342 	EXP 	answer_box: autoDraw = True
179.0428 	DATA 	Mouse: Left button down, pos=(595,224)
179.0547 	EXP 	New trial (rep=0, index=15): {'digitSpan_PF': 10, 'digits_PF': 4127509683.0, 'fixation_time_PF': 0.55, 'answer_PF': 3869057214.0}
179.0701 	EXP 	recall_txt: autoDraw = False
179.0701 	EXP 	answer_box: autoDraw = False
179.0701 	EXP 	first_fix: text = '+'
179.0701 	EXP 	driftPF: autoDraw = True
179.1729 	DATA 	Mouse:  Left button up, pos=(595,224)
179.5447 	EXP 	first_fix: autoDraw = True
179.5790 	EXP 	driftPF: autoDraw = False
180.0883 	EXP 	Created sequence: sequential, trialTypes=1, nReps=10, seed=None
180.0885 	EXP 	New trial (rep=0, index=0): None
180.1043 	EXP 	first_fix: autoDraw = False
180.1043 	EXP 	driftPF: autoDraw = False
180.1043 	EXP 	first_fix: autoDraw = False
180.1043 	EXP 	pres_text: height = 0.10000000000000002
180.1043 	EXP 	pres_text: height = 0.10000000000000002
180.1043 	EXP 	pres_text: text = '4'
180.1043 	EXP 	pres_text: autoDraw = True
181.0886 	EXP 	New trial (rep=1, index=0): None
181.1044 	EXP 	pres_text: autoDraw = False
181.1044 	EXP 	pres_text: autoDraw = False
181.1044 	EXP 	pres_text: height = 0.10000000000000002
181.1044 	EXP 	pres_text: height = 0.10000000000000002
181.1044 	EXP 	pres_text: text = '1'
181.1044 	EXP 	pres_text: autoDraw = True
182.0888 	EXP 	New trial (rep=2, index=0): None
182.1047 	EXP 	pres_text: autoDraw = False
182.1047 	EXP 	pres_text: autoDraw = False
182.1047 	EXP 	pres_text: height = 0.10000000000000002
182.1047 	EXP 	pres_text: height = 0.10000000000000002
182.1047 	EXP 	pres_text: text = '2'
182.1047 	EXP 	pres_text: autoDraw = True
183.0889 	EXP 	New trial (rep=3, index=0): None
183.1048 	EXP 	pres_text: autoDraw = False
183.1048 	EXP 	pres_text: autoDraw = False
183.1048 	EXP 	pres_text: height = 0.10000000000000002
183.1048 	EXP 	pres_text: height = 0.10000000000000002
183.1048 	EXP 	pres_text: text = '7'
183.1048 	EXP 	pres_text: autoDraw = True
184.0900 	EXP 	New trial (rep=4, index=0): None
184.1044 	EXP 	pres_text: autoDraw = False
184.1044 	EXP 	pres_text: height = 0.10000000000000002
184.1044 	EXP 	pres_text: height = 0.10000000000000002
184.1044 	EXP 	pres_text: text = '5'
184.1044 	EXP 	pres_text: autoDraw = True
185.0885 	EXP 	New trial (rep=5, index=0): None
185.1048 	EXP 	pres_text: autoDraw = False
185.1048 	EXP 	pres_text: height = 0.10000000000000002
185.1048 	EXP 	pres_text: height = 0.10000000000000002
185.1048 	EXP 	pres_text: text = '0'
185.1048 	EXP 	pres_text: autoDraw = True
186.0888 	EXP 	New trial (rep=6, index=0): None
186.1050 	EXP 	pres_text: autoDraw = False
186.1050 	EXP 	pres_text: autoDraw = False
186.1050 	EXP 	pres_text: height = 0.10000000000000002
186.1050 	EXP 	pres_text: height = 0.10000000000000002
186.1050 	EXP 	pres_text: text = '9'
186.1050 	EXP 	pres_text: autoDraw = True
187.0898 	EXP 	New trial (rep=7, index=0): None
187.1049 	EXP 	pres_text: autoDraw = False
187.1049 	EXP 	pres_text: height = 0.10000000000000002
187.1049 	EXP 	pres_text: height = 0.10000000000000002
187.1049 	EXP 	pres_text: text = '6'
187.1049 	EXP 	pres_text: autoDraw = True
188.0885 	EXP 	New trial (rep=8, index=0): None
188.1049 	EXP 	pres_text: autoDraw = False
188.1049 	EXP 	pres_text: height = 0.10000000000000002
188.1049 	EXP 	pres_text: height = 0.10000000000000002
188.1049 	EXP 	pres_text: text = '8'
188.1049 	EXP 	pres_text: autoDraw = True
189.0886 	EXP 	New trial (rep=9, index=0): None
189.1050 	EXP 	pres_text: autoDraw = False
189.1050 	EXP 	pres_text: height = 0.10000000000000002
189.1050 	EXP 	pres_text: height = 0.10000000000000002
189.1050 	EXP 	pres_text: text = '3'
189.1050 	EXP 	pres_text: autoDraw = True
190.1052 	EXP 	pres_text: autoDraw = False
190.1052 	EXP 	recall_txt: autoDraw = True
190.1052 	EXP 	answer_box: autoDraw = True
198.8684 	DATA 	Mouse: Left button down, pos=(595,224)
198.9187 	EXP 	recall_txt: autoDraw = False
198.9187 	EXP 	answer_box: autoDraw = False
198.9187 	EXP 	dif_licker: markerPos = None
198.9187 	EXP 	dif_licker: markerPos = None
198.9187 	EXP 	Dificultad: autoDraw = True
198.9187 	EXP 	dif_licker: autoDraw = True
198.9883 	DATA 	Mouse:  Left button up, pos=(595,224)
202.1336 	DATA 	Mouse: Left button down, pos=(487,386)
202.1732 	EXP 	dif_licker: markerPos = 1.9791666269302368
202.1903 	EXP 	dif_licker: markerPos = 1.9791666269302368
202.2241 	EXP 	dif_licker: markerPos = 1.9791666269302368
202.2582 	EXP 	dif_licker: markerPos = 1.9791666269302368
202.2919 	EXP 	dif_licker: markerPos = 1.9791666269302368
202.3096 	EXP 	dif_licker: markerPos = 1.9791666269302368
202.3428 	EXP 	dif_licker: markerPos = 1.9791666269302368
202.3765 	EXP 	dif_licker: markerPos = 1.9791666269302368
202.3789 	DATA 	Mouse:  Left button up, pos=(487,386)
202.4106 	EXP 	dif_licker: markerPos = 1.9791666269302368
202.4275 	EXP 	Dificultad: autoDraw = False
202.4275 	EXP 	dif_licker: autoDraw = False
202.4275 	EXP 	thank_you: autoDraw = True
205.4279 	EXP 	thank_you: autoDraw = False
205.4279 	EXP 	thank_you: autoDraw = False
205.4918 	EXP 	window1: mouseVisible = True
